[nago@localhost ~]$ su - 
Password: 
[root@localhost ~]# cd /var/opt
[root@localhost opt]# cd mysql
[root@localhost mysql]# yum install mysql mysql-server
Loaded plugins: fastestmirror, refresh-packagekit, security
Loading mirror speeds from cached hostfile
 * base: ftp.iij.ad.jp
 * extras: ftp.iij.ad.jp
 * updates: ftp.iij.ad.jp
base                                                     | 3.7 kB     00:00     
extras                                                   | 3.5 kB     00:00     
updates                                                  | 3.5 kB     00:00     
updates/primary_db                                       | 1.9 MB     00:02     
Setting up Install Process
Resolving Dependencies
--> Running transaction check
---> Package mysql.i686 0:5.1.69-1.el6_4 will be installed
--> Processing Dependency: mysql-libs = 5.1.69-1.el6_4 for package: mysql-5.1.69-1.el6_4.i686
---> Package mysql-server.i686 0:5.1.69-1.el6_4 will be installed
--> Processing Dependency: perl-DBI for package: mysql-server-5.1.69-1.el6_4.i686
--> Processing Dependency: perl-DBD-MySQL for package: mysql-server-5.1.69-1.el6_4.i686
--> Processing Dependency: perl(DBI) for package: mysql-server-5.1.69-1.el6_4.i686
--> Running transaction check
---> Package mysql-libs.i686 0:5.1.61-4.el6 will be updated
---> Package mysql-libs.i686 0:5.1.69-1.el6_4 will be an update
---> Package perl-DBD-MySQL.i686 0:4.013-3.el6 will be installed
---> Package perl-DBI.i686 0:1.609-4.el6 will be installed
--> Finished Dependency Resolution

Dependencies Resolved

================================================================================
 Package               Arch        Version                 Repository      Size
================================================================================
Installing:
 mysql                 i686        5.1.69-1.el6_4          updates        917 k
 mysql-server          i686        5.1.69-1.el6_4          updates        8.8 M
Installing for dependencies:
 perl-DBD-MySQL        i686        4.013-3.el6             base           134 k
 perl-DBI              i686        1.609-4.el6             base           705 k
Updating for dependencies:
 mysql-libs            i686        5.1.69-1.el6_4          updates        1.2 M

Transaction Summary
================================================================================
Install       4 Package(s)
Upgrade       1 Package(s)

Total download size: 12 M
Is this ok [y/N]: y
Downloading Packages:
(1/5): mysql-5.1.69-1.el6_4.i686.rpm                     | 917 kB     00:00     
(2/5): mysql-libs-5.1.69-1.el6_4.i686.rpm                | 1.2 MB     00:00     
(3/5): mysql-server-5.1.69-1.el6_4.i686.rpm              | 8.8 MB     00:05     
(4/5): perl-DBD-MySQL-4.013-3.el6.i686.rpm               | 134 kB     00:00     
(5/5): perl-DBI-1.609-4.el6.i686.rpm                     | 705 kB     00:00     
--------------------------------------------------------------------------------
Total                                           1.4 MB/s |  12 MB     00:08     
Running rpm_check_debug
Running Transaction Test
Transaction Test Succeeded
Running Transaction
  Updating   : mysql-libs-5.1.69-1.el6_4.i686                               1/6 
  Installing : perl-DBI-1.609-4.el6.i686                                    2/6 
  Installing : perl-DBD-MySQL-4.013-3.el6.i686                              3/6 
  Installing : mysql-5.1.69-1.el6_4.i686                                    4/6 
  Installing : mysql-server-5.1.69-1.el6_4.i686                             5/6 
  Cleanup    : mysql-libs-5.1.61-4.el6.i686                                 6/6 
  Verifying  : perl-DBD-MySQL-4.013-3.el6.i686                              1/6 
  Verifying  : mysql-5.1.69-1.el6_4.i686                                    2/6 
  Verifying  : mysql-server-5.1.69-1.el6_4.i686                             3/6 
  Verifying  : perl-DBI-1.609-4.el6.i686                                    4/6 
  Verifying  : mysql-libs-5.1.69-1.el6_4.i686                               5/6 
  Verifying  : mysql-libs-5.1.61-4.el6.i686                                 6/6 

Installed:
  mysql.i686 0:5.1.69-1.el6_4         mysql-server.i686 0:5.1.69-1.el6_4        

Dependency Installed:
  perl-DBD-MySQL.i686 0:4.013-3.el6         perl-DBI.i686 0:1.609-4.el6        

Dependency Updated:
  mysql-libs.i686 0:5.1.69-1.el6_4                                              

Complete!
[root@localhost mysql]# rpm -qa | grep mysql-server
mysql-server-5.1.69-1.el6_4.i686
[root@localhost mysql]# 


