■zabbixエージェントのインストール
[root@localhost ~]# yum install zabbix zabbix-agent
Loaded plugins: fastestmirror, refresh-packagekit, security
Loading mirror speeds from cached hostfile
 * base: ftp.iij.ad.jp
 * extras: centos.ustc.edu.cn
 * updates: ftp.iij.ad.jp
base                                                     | 3.7 kB     00:00     
dag                                                      | 1.9 kB     00:00     
extras                                                   | 3.5 kB     00:00     
updates                                                  | 3.4 kB     00:00     
updates/primary_db                                       | 3.6 MB     00:05     
zabbix-jp                                                |  951 B     00:00     
zabbix-jp-relatedpkgs                                    |  951 B     00:00     
Setting up Install Process
Package zabbix-1.8.16-1.el6.JP.i686 already installed and latest version
Resolving Dependencies
--> Running transaction check
---> Package zabbix-agent.i686 0:1.8.16-1.el6.JP will be installed
--> Finished Dependency Resolution

Dependencies Resolved

================================================================================
 Package             Arch        Version                 Repository        Size
================================================================================
Installing:
 zabbix-agent        i686        1.8.16-1.el6.JP         zabbix-jp        225 k

Transaction Summary
================================================================================
Install       1 Package(s)

Total download size: 225 k
Installed size: 829 k
Is this ok [y/N]: y
Downloading Packages:
zabbix-agent-1.8.16-1.el6.JP.i686.rpm                    | 225 kB     00:05     
Running rpm_check_debug
Running Transaction Test
Transaction Test Succeeded
Running Transaction
  Installing : zabbix-agent-1.8.16-1.el6.JP.i686                            1/1 
  Verifying  : zabbix-agent-1.8.16-1.el6.JP.i686                            1/1 

Installed:
  zabbix-agent.i686 0:1.8.16-1.el6.JP                                           

Complete!
[root@localhost ~]# 
[root@localhost ~]# rpm -qa | grep zabbix-agent
zabbix-agent-1.8.16-1.el6.JP.i686
[root@localhost ~]# 


