[root@localhost doc]# yum install httpd php php-gd php-bcmath php-mysql php-mbstring php-xml
Loaded plugins: fastestmirror, refresh-packagekit, security
Loading mirror speeds from cached hostfile
 * base: ftp.iij.ad.jp
 * extras: ftp.iij.ad.jp
 * updates: ftp.iij.ad.jp
Setting up Install Process
Resolving Dependencies
--> Running transaction check
---> Package httpd.i686 0:2.2.15-15.el6.centos.1 will be updated
---> Package httpd.i686 0:2.2.15-26.el6.centos will be an update
--> Processing Dependency: httpd-tools = 2.2.15-26.el6.centos for package: httpd-2.2.15-26.el6.centos.i686
---> Package php.i686 0:5.3.3-22.el6 will be installed
--> Processing Dependency: php-common(x86-32) = 5.3.3-22.el6 for package: php-5.3.3-22.el6.i686
--> Processing Dependency: php-cli(x86-32) = 5.3.3-22.el6 for package: php-5.3.3-22.el6.i686
---> Package php-bcmath.i686 0:5.3.3-22.el6 will be installed
---> Package php-gd.i686 0:5.3.3-22.el6 will be installed
--> Processing Dependency: libjpeg.so.62(LIBJPEG_6.2) for package: php-gd-5.3.3-22.el6.i686
--> Processing Dependency: libXpm.so.4 for package: php-gd-5.3.3-22.el6.i686
---> Package php-mbstring.i686 0:5.3.3-22.el6 will be installed
---> Package php-mysql.i686 0:5.3.3-22.el6 will be installed
--> Processing Dependency: php-pdo(x86-32) for package: php-mysql-5.3.3-22.el6.i686
---> Package php-xml.i686 0:5.3.3-22.el6 will be installed
--> Running transaction check
---> Package httpd-tools.i686 0:2.2.15-15.el6.centos.1 will be updated
---> Package httpd-tools.i686 0:2.2.15-26.el6.centos will be an update
---> Package libXpm.i686 0:3.5.10-2.el6 will be installed
---> Package libjpeg.i686 0:6b-46.el6 will be obsoleted
---> Package libjpeg-turbo.i686 0:1.2.1-1.el6 will be obsoleting
---> Package php-cli.i686 0:5.3.3-22.el6 will be installed
---> Package php-common.i686 0:5.3.3-22.el6 will be installed
---> Package php-pdo.i686 0:5.3.3-22.el6 will be installed
--> Finished Dependency Resolution

Dependencies Resolved

================================================================================
 Package              Arch        Version                     Repository   Size
================================================================================
Installing:
 libjpeg-turbo        i686        1.2.1-1.el6                 base        176 k
     replacing  libjpeg.i686 6b-46.el6
 php                  i686        5.3.3-22.el6                base        1.1 M
 php-bcmath           i686        5.3.3-22.el6                base         34 k
 php-gd               i686        5.3.3-22.el6                base        104 k
 php-mbstring         i686        5.3.3-22.el6                base        454 k
 php-mysql            i686        5.3.3-22.el6                base         78 k
 php-xml              i686        5.3.3-22.el6                base        101 k
Updating:
 httpd                i686        2.2.15-26.el6.centos        base        827 k
Installing for dependencies:
 libXpm               i686        3.5.10-2.el6                base         50 k
 php-cli              i686        5.3.3-22.el6                base        2.2 M
 php-common           i686        5.3.3-22.el6                base        525 k
 php-pdo              i686        5.3.3-22.el6                base         74 k
Updating for dependencies:
 httpd-tools          i686        2.2.15-26.el6.centos        base         73 k

Transaction Summary
================================================================================
Install      11 Package(s)
Upgrade       2 Package(s)

Total download size: 5.8 M
Is this ok [y/N]: y
Downloading Packages:
(1/13): httpd-2.2.15-26.el6.centos.i686.rpm              | 827 kB     00:00     
(2/13): httpd-tools-2.2.15-26.el6.centos.i686.rpm        |  73 kB     00:00     
(3/13): libXpm-3.5.10-2.el6.i686.rpm                     |  50 kB     00:00     
(4/13): libjpeg-turbo-1.2.1-1.el6.i686.rpm               | 176 kB     00:00     
(5/13): php-5.3.3-22.el6.i686.rpm                        | 1.1 MB     00:00     
(6/13): php-bcmath-5.3.3-22.el6.i686.rpm                 |  34 kB     00:00     
(7/13): php-cli-5.3.3-22.el6.i686.rpm                    | 2.2 MB     00:00     
(8/13): php-common-5.3.3-22.el6.i686.rpm                 | 525 kB     00:00     
(9/13): php-gd-5.3.3-22.el6.i686.rpm                     | 104 kB     00:00     
(10/13): php-mbstring-5.3.3-22.el6.i686.rpm              | 454 kB     00:00     
(11/13): php-mysql-5.3.3-22.el6.i686.rpm                 |  78 kB     00:00     
(12/13): php-pdo-5.3.3-22.el6.i686.rpm                   |  74 kB     00:00     
(13/13): php-xml-5.3.3-22.el6.i686.rpm                   | 101 kB     00:00     
--------------------------------------------------------------------------------
Total                                           1.3 MB/s | 5.8 MB     00:04     
Running rpm_check_debug
Running Transaction Test
Transaction Test Succeeded
Running Transaction
  Installing : php-common-5.3.3-22.el6.i686                                1/16 
  Installing : php-pdo-5.3.3-22.el6.i686                                   2/16 
  Installing : php-cli-5.3.3-22.el6.i686                                   3/16 
  Installing : libXpm-3.5.10-2.el6.i686                                    4/16 
  Updating   : httpd-tools-2.2.15-26.el6.centos.i686                       5/16 
  Updating   : httpd-2.2.15-26.el6.centos.i686                             6/16 
  Installing : libjpeg-turbo-1.2.1-1.el6.i686                              7/16 
  Installing : php-gd-5.3.3-22.el6.i686                                    8/16 
  Installing : php-5.3.3-22.el6.i686                                       9/16 
  Installing : php-mysql-5.3.3-22.el6.i686                                10/16 
  Installing : php-bcmath-5.3.3-22.el6.i686                               11/16 
  Installing : php-xml-5.3.3-22.el6.i686                                  12/16 
  Installing : php-mbstring-5.3.3-22.el6.i686                             13/16 
  Cleanup    : httpd-2.2.15-15.el6.centos.1.i686                          14/16 
  Cleanup    : httpd-tools-2.2.15-15.el6.centos.1.i686                    15/16 
  Erasing    : libjpeg-6b-46.el6.i686                                     16/16 
  Verifying  : php-bcmath-5.3.3-22.el6.i686                                1/16 
  Verifying  : php-common-5.3.3-22.el6.i686                                2/16 
  Verifying  : php-xml-5.3.3-22.el6.i686                                   3/16 
  Verifying  : php-pdo-5.3.3-22.el6.i686                                   4/16 
  Verifying  : libjpeg-turbo-1.2.1-1.el6.i686                              5/16 
  Verifying  : httpd-tools-2.2.15-26.el6.centos.i686                       6/16 
  Verifying  : php-gd-5.3.3-22.el6.i686                                    7/16 
  Verifying  : php-mbstring-5.3.3-22.el6.i686                              8/16 
  Verifying  : php-cli-5.3.3-22.el6.i686                                   9/16 
  Verifying  : php-mysql-5.3.3-22.el6.i686                                10/16 
  Verifying  : httpd-2.2.15-26.el6.centos.i686                            11/16 
  Verifying  : libXpm-3.5.10-2.el6.i686                                   12/16 
  Verifying  : php-5.3.3-22.el6.i686                                      13/16 
  Verifying  : httpd-2.2.15-15.el6.centos.1.i686                          14/16 
  Verifying  : libjpeg-6b-46.el6.i686                                     15/16 
  Verifying  : httpd-tools-2.2.15-15.el6.centos.1.i686                    16/16 

Installed:
  libjpeg-turbo.i686 0:1.2.1-1.el6         php.i686 0:5.3.3-22.el6              
  php-bcmath.i686 0:5.3.3-22.el6           php-gd.i686 0:5.3.3-22.el6           
  php-mbstring.i686 0:5.3.3-22.el6         php-mysql.i686 0:5.3.3-22.el6        
  php-xml.i686 0:5.3.3-22.el6             

Dependency Installed:
  libXpm.i686 0:3.5.10-2.el6               php-cli.i686 0:5.3.3-22.el6          
  php-common.i686 0:5.3.3-22.el6           php-pdo.i686 0:5.3.3-22.el6          

Updated:
  httpd.i686 0:2.2.15-26.el6.centos                                             

Dependency Updated:
  httpd-tools.i686 0:2.2.15-26.el6.centos                                       

Replaced:
  libjpeg.i686 0:6b-46.el6                                                      

Complete!
[root@localhost doc]# yum install zabbix-web zabbix-web-mysql
Loaded plugins: fastestmirror, refresh-packagekit, security
Existing lock /var/run/yum.pid: another copy is running as pid 13894.
Another app is currently holding the yum lock; waiting for it to exit...
  The other application is: PackageKit
    Memory :  24 M RSS ( 38 MB VSZ)
    Started: Thu May  2 02:17:22 2013 - 00:04 ago
    State  : Uninterruptible, pid: 13894
Another app is currently holding the yum lock; waiting for it to exit...
  The other application is: PackageKit
    Memory :  24 M RSS ( 39 MB VSZ)
    Started: Thu May  2 02:17:22 2013 - 00:06 ago
    State  : Sleeping, pid: 13894
Another app is currently holding the yum lock; waiting for it to exit...
  The other application is: PackageKit
    Memory :  24 M RSS ( 39 MB VSZ)
    Started: Thu May  2 02:17:22 2013 - 00:08 ago
    State  : Sleeping, pid: 13894
Another app is currently holding the yum lock; waiting for it to exit...
  The other application is: PackageKit
    Memory :  24 M RSS ( 39 MB VSZ)
    Started: Thu May  2 02:17:22 2013 - 00:10 ago
    State  : Sleeping, pid: 13894
Loading mirror speeds from cached hostfile
 * base: ftp.iij.ad.jp
 * extras: ftp.iij.ad.jp
 * updates: ftp.iij.ad.jp
Setting up Install Process
Resolving Dependencies
--> Running transaction check
---> Package zabbix-web.i686 0:1.8.16-1.el6.JP will be installed
---> Package zabbix-web-mysql.i686 0:1.8.16-1.el6.JP will be installed
--> Finished Dependency Resolution

Dependencies Resolved

================================================================================
 Package                Arch       Version                Repository       Size
================================================================================
Installing:
 zabbix-web             i686       1.8.16-1.el6.JP        zabbix-jp       4.2 M
 zabbix-web-mysql       i686       1.8.16-1.el6.JP        zabbix-jp        13 k

Transaction Summary
================================================================================
Install       2 Package(s)

Total download size: 4.2 M
Installed size: 11 M
Is this ok [y/N]: y
Downloading Packages:
(1/2): zabbix-web-1.8.16-1.el6.JP.i686.rpm               | 4.2 MB     00:01     
(2/2): zabbix-web-mysql-1.8.16-1.el6.JP.i686.rpm         |  13 kB     00:00     
--------------------------------------------------------------------------------
Total                                           2.0 MB/s | 4.2 MB     00:02     
Running rpm_check_debug
Running Transaction Test
Transaction Test Succeeded
Running Transaction
  Installing : zabbix-web-mysql-1.8.16-1.el6.JP.i686                        1/2 
  Installing : zabbix-web-1.8.16-1.el6.JP.i686                              2/2 
  Verifying  : zabbix-web-1.8.16-1.el6.JP.i686                              1/2 
  Verifying  : zabbix-web-mysql-1.8.16-1.el6.JP.i686                        2/2 

Installed:
  zabbix-web.i686 0:1.8.16-1.el6.JP   zabbix-web-mysql.i686 0:1.8.16-1.el6.JP  

Complete!
[root@localhost doc]# /etc/init.d/httpd start
Starting httpd: httpd: Could not reliably determine the server's fully qualified domain name, using localhost.localdomain for ServerName
                                                           [  OK  ]
[root@localhost doc]# vi /etc/httpd/conf/httpd.conf
[root@localhost doc]# 
[root@localhost doc]# grep ServerName /etc/httpd/conf/httpd.conf
# ServerName gives the name and port that the server uses to identify itself.
ServerName localhost.localdomain:80
# ServerName directive.
#    ServerName dummy-host.example.com
[root@localhost doc]# 
★サーバー名を設定し、再起動した。
[root@localhost doc]# /etc/init.d/httpd stop
Stopping httpd:                                            [  OK  ]
[root@localhost doc]# /etc/init.d/httpd start
Starting httpd:                                            [  OK  ]
[root@localhost doc]# 


